#
# There is insufficient memory for the Java Runtime Environment to continue.
# Native memory allocation (malloc) failed to allocate 32505856 bytes for committing reserved memory.
# Possible reasons:
#   The system is out of physical RAM or swap space
#   In 32 bit mode, the process size limit was hit
# Possible solutions:
#   Reduce memory load on the system
#   Increase physical memory or swap space
#   Check if swap backing store is full
#   Use 64 bit Java on a 64 bit OS
#   Decrease Java heap size (-Xmx/-Xms)
#   Decrease number of Java threads
#   Decrease Java thread stack sizes (-Xss)
#   Set larger code cache with -XX:ReservedCodeCacheSize=
# This output file may be truncated or incomplete.
#
#  Out of Memory Error (os_linux.cpp:2756), pid=23863, tid=2887777088
#
# JRE version: Java(TM) SE Runtime Environment (7.0_79-b15) (build 1.7.0_79-b15)
# Java VM: Java HotSpot(TM) Server VM (24.79-b02 mixed mode linux-x86 )
# Failed to write core dump. Core dumps have been disabled. To enable core dumping, try "ulimit -c unlimited" before starting Java again
#

---------------  T H R E A D  ---------------

Current thread (0xac080800):  VMThread [stack: 0xac17f000,0xac200000] [id=23874]

Stack: [0xac17f000,0xac200000],  sp=0xac1fe930,  free space=510k
Native frames: (J=compiled Java code, j=interpreted, Vv=VM code, C=native code)
V  [libjvm.so+0x7eab16]  VMError::report_and_die()+0x1a6
V  [libjvm.so+0x33e222]  report_vm_out_of_memory(char const*, int, unsigned int, char const*)+0x72
V  [libjvm.so+0x686a41]  os::Linux::commit_memory_impl(char*, unsigned int, bool)+0xe1
V  [libjvm.so+0x686f08]  os::pd_commit_memory(char*, unsigned int, unsigned int, bool)+0x28
V  [libjvm.so+0x68064c]  os::commit_memory(char*, unsigned int, unsigned int, bool)+0x2c
V  [libjvm.so+0x6eae98]  PSVirtualSpace::expand_by(unsigned int)+0x48
V  [libjvm.so+0x6ebf9a]  PSYoungGen::resize_generation(unsigned int, unsigned int)+0xda
V  [libjvm.so+0x6eb2d9]  PSYoungGen::resize(unsigned int, unsigned int)+0x19
V  [libjvm.so+0x6e8c09]  PSScavenge::invoke_no_policy()+0xcf9
V  [libjvm.so+0x6e9468]  PSScavenge::invoke()+0x28
V  [libjvm.so+0x6a6fea]  ParallelScavengeHeap::failed_mem_allocate(unsigned int)+0x5a
V  [libjvm.so+0x7ec3aa]  VM_ParallelGCFailedAllocation::doit()+0x7a
V  [libjvm.so+0x7f51c7]  VM_Operation::evaluate()+0x47
V  [libjvm.so+0x7f3263]  VMThread::evaluate_operation(VM_Operation*)+0xb3
V  [libjvm.so+0x7f3600]  VMThread::loop()+0x1b0
V  [libjvm.so+0x7f3a65]  VMThread::run()+0x85
V  [libjvm.so+0x688d19]  java_start(Thread*)+0x119
C  [libpthread.so.0+0x61aa]  start_thread+0xda

VM_Operation (0xab60b9fc): ParallelGCFailedAllocation, mode: safepoint, requested by thread 0xab72ac00


---------------  P R O C E S S  ---------------

Java Threads: ( => current thread )
  0xab72c000 JavaThread "pool-1-thread-4" [_thread_blocked, id=23889, stack(0xab56b000,0xab5bc000)]
  0xab72ac00 JavaThread "pool-1-thread-3" [_thread_blocked, id=23888, stack(0xab5bc000,0xab60d000)]
  0xab727c00 JavaThread "pool-1-thread-2" [_thread_blocked, id=23887, stack(0xab60d000,0xab65e000)]
  0xab71ac00 JavaThread "pool-2-thread-1" [_thread_blocked, id=23886, stack(0xab65e000,0xab6af000)]
  0xab719c00 JavaThread "pool-1-thread-1" [_thread_blocked, id=23885, stack(0xab6af000,0xab700000)]
  0xac09bc00 JavaThread "Service Thread" daemon [_thread_blocked, id=23882, stack(0xabe0d000,0xabe5e000)]
  0xac099c00 JavaThread "C2 CompilerThread1" daemon [_thread_blocked, id=23881, stack(0xab8cd000,0xab94e000)]
  0xac097c00 JavaThread "C2 CompilerThread0" daemon [_thread_blocked, id=23880, stack(0xab94e000,0xab9cf000)]
  0xac096400 JavaThread "Signal Dispatcher" daemon [_thread_blocked, id=23879, stack(0xabe5e000,0xabeaf000)]
  0xac084c00 JavaThread "Finalizer" daemon [_thread_blocked, id=23876, stack(0xabeaf000,0xabf00000)]
  0xac083400 JavaThread "Reference Handler" daemon [_thread_blocked, id=23875, stack(0xac12e000,0xac17f000)]
  0xf6607800 JavaThread "main" [_thread_blocked, id=23868, stack(0xf672a000,0xf677b000)]

Other Threads:
=>0xac080800 VMThread [stack: 0xac17f000,0xac200000] [id=23874]
  0xac09dc00 WatcherThread [stack: 0xab84c000,0xab8cd000] [id=23883]

VM state:at safepoint (normal execution)

VM Mutex/Monitor currently owned by a thread:  ([mutex/lock_event])
[0xf6605008] Threads_lock - owner thread: 0xac080800
[0xf6605418] Heap_lock - owner thread: 0xab72ac00

Heap
 PSYoungGen      total 34304K, used 2552K [0xddf40000, 0xe0340000, 0xf34c0000)
  eden space 31744K, 0% used [0xddf40000,0xddf40000,0xdfe40000)
  from space 2560K, 99% used [0xdfe40000,0xe00be018,0xe00c0000)
  to   space 2560K, 0% used [0xe00c0000,0xe00c0000,0xe0340000)
 ParOldGen       total 41728K, used 8668K [0xb34c0000, 0xb5d80000, 0xddf40000)
  object space 41728K, 20% used [0xb34c0000,0xb3d37100,0xb5d80000)
 PSPermGen       total 16384K, used 3649K [0xaf4c0000, 0xb04c0000, 0xb34c0000)
  object space 16384K, 22% used [0xaf4c0000,0xaf850720,0xb04c0000)

Card table byte_map: [0xaf29f000,0xaf4c0000] byte_map_base: 0xaed24a00

Polling page: 0xf76dc000

Code Cache  [0xf35a6000, 0xf37e6000, 0xf65a6000)
 total_blobs=308 nmethods=189 adapters=72 free_code_cache=48521Kb largest_free_block=49643520

Compilation events (10 events):
Event: 1.140 Thread 0xac097c00 nmethod 180 0xf3637f48 code [0xf36382c0, 0xf3639f8c]
Event: 1.140 Thread 0xac097c00  184             com.android.dx.rop.code.BasicBlockList::labelToBlock (46 bytes)
Event: 1.141 Thread 0xac097c00 nmethod 184 0xf362ca48 code [0xf362cb60, 0xf362cc90]
Event: 1.141 Thread 0xac097c00  185             com.android.dx.util.FixedSizeList::getOrNull0 (7 bytes)
Event: 1.141 Thread 0xac097c00 nmethod 185 0xf3636608 code [0xf3636700, 0xf3636770]
Event: 1.141 Thread 0xac097c00  186             com.android.dx.ssa.SsaMethod::forEachBlockDepthFirst (194 bytes)
Event: 1.298 Thread 0xac097c00 nmethod 186 0xf3641208 code [0xf36415c0, 0xf3642f88]
Event: 1.299 Thread 0xac099c00 nmethod 183 0xf3646fc8 code [0xf3647400, 0xf364941c]
Event: 1.325 Thread 0xac099c00  188             com.android.dx.util.Bits::clear (21 bytes)
Event: 1.325 Thread 0xac097c00  187             com.android.dx.ssa.Dominators::run (506 bytes)

GC Heap History (5 events):
Event: 0.685 GC heap before
{Heap before GC invocations=1 (full 0):
 PSYoungGen      total 18432K, used 15872K [0xddf40000, 0xdf3c0000, 0xf34c0000)
  eden space 15872K, 100% used [0xddf40000,0xdeec0000,0xdeec0000)
  from space 2560K, 0% used [0xdf140000,0xdf140000,0xdf3c0000)
  to   space 2560K, 0% used [0xdeec0000,0xdeec0000,0xdf140000)
 ParOldGen       total 41728K, used 0K [0xb34c0000, 0xb5d80000, 0xddf40000)
  object space 41728K, 0% used [0xb34c0000,0xb34c0000,0xb5d80000)
 PSPermGen       total 16384K, used 3529K [0xaf4c0000, 0xb04c0000, 0xb34c0000)
  object space 16384K, 21% used [0xaf4c0000,0xaf832750,0xb04c0000)
Event: 0.692 GC heap after
Heap after GC invocations=1 (full 0):
 PSYoungGen      total 18432K, used 2558K [0xddf40000, 0xe0340000, 0xf34c0000)
  eden space 15872K, 0% used [0xddf40000,0xddf40000,0xdeec0000)
  from space 2560K, 99% used [0xdeec0000,0xdf13fa30,0xdf140000)
  to   space 2560K, 0% used [0xe00c0000,0xe00c0000,0xe0340000)
 ParOldGen       total 41728K, used 1254K [0xb34c0000, 0xb5d80000, 0xddf40000)
  object space 41728K, 3% used [0xb34c0000,0xb35f98e8,0xb5d80000)
 PSPermGen       total 16384K, used 3529K [0xaf4c0000, 0xb04c0000, 0xb34c0000)
  object space 16384K, 21% used [0xaf4c0000,0xaf832750,0xb04c0000)
}
Event: 0.945 GC heap before
{Heap before GC invocations=2 (full 0):
 PSYoungGen      total 18432K, used 18430K [0xddf40000, 0xe0340000, 0xf34c0000)
  eden space 15872K, 100% used [0xddf40000,0xdeec0000,0xdeec0000)
  from space 2560K, 99% used [0xdeec0000,0xdf13fa30,0xdf140000)
  to   space 2560K, 0% used [0xe00c0000,0xe00c0000,0xe0340000)
 ParOldGen       total 41728K, used 1254K [0xb34c0000, 0xb5d80000, 0xddf40000)
  object space 41728K, 3% used [0xb34c0000,0xb35f98e8,0xb5d80000)
 PSPermGen       total 16384K, used 3611K [0xaf4c0000, 0xb04c0000, 0xb34c0000)
  object space 16384K, 22% used [0xaf4c0000,0xaf846dc8,0xb04c0000)
Event: 0.965 GC heap after
Heap after GC invocations=2 (full 0):
 PSYoungGen      total 34304K, used 2553K [0xddf40000, 0xe0340000, 0xf34c0000)
  eden space 31744K, 0% used [0xddf40000,0xddf40000,0xdfe40000)
  from space 2560K, 99% used [0xe00c0000,0xe033e530,0xe0340000)
  to   space 2560K, 0% used [0xdfe40000,0xdfe40000,0xe00c0000)
 ParOldGen       total 41728K, used 3571K [0xb34c0000, 0xb5d80000, 0xddf40000)
  object space 41728K, 8% used [0xb34c0000,0xb383cdf0,0xb5d80000)
 PSPermGen       total 16384K, used 3611K [0xaf4c0000, 0xb04c0000, 0xb34c0000)
  object space 16384K, 22% used [0xaf4c0000,0xaf846dc8,0xb04c0000)
}
Event: 1.614 GC heap before
{Heap before GC invocations=3 (full 0):
 PSYoungGen      total 34304K, used 34297K [0xddf40000, 0xe0340000, 0xf34c0000)
  eden space 31744K, 100% used [0xddf40000,0xdfe40000,0xdfe40000)
  from space 2560K, 99% used [0xe00c0000,0xe033e530,0xe0340000)
  to   space 2560K, 0% used [0xdfe40000,0xdfe40000,0xe00c0000)
 ParOldGen       total 41728K, used 3571K [0xb34c0000, 0xb5d80000, 0xddf40000)
  object space 41728K, 8% used [0xb34c0000,0xb383cdf0,0xb5d80000)
 PSPermGen       total 16384K, used 3649K [0xaf4c0000, 0xb04c0000, 0xb34c0000)
  object space 16384K, 22% used [0xaf4c0000,0xaf850720,0xb04c0000)

Deoptimization events (5 events):
Event: 1.101 Thread 0xab72ac00 Uncommon trap: reason=bimorphic action=maybe_recompile pc=0xf362ec00 method=java.util.HashMap.put(Ljava/lang/Object;Ljava/lang/Object;)Ljava/lang/Object; @ 83
Event: 1.314 Thread 0xab72c000 Uncommon trap: reason=null_check action=make_not_entrant pc=0xf36491a8 method=com.android.dx.ssa.SsaRenamer.getLocalForNewReg(I)Lcom/android/dx/rop/code/LocalItem; @ 19
Event: 1.314 Thread 0xab72c000 Uncommon trap: reason=bimorphic action=maybe_recompile pc=0xf362ec00 method=java.util.HashMap.put(Ljava/lang/Object;Ljava/lang/Object;)Ljava/lang/Object; @ 83
Event: 1.334 Thread 0xab727c00 Uncommon trap: reason=bimorphic action=maybe_recompile pc=0xf362ec00 method=java.util.HashMap.put(Ljava/lang/Object;Ljava/lang/Object;)Ljava/lang/Object; @ 83
Event: 1.334 Thread 0xab727c00 Uncommon trap: reason=bimorphic action=maybe_recompile pc=0xf362ec00 method=java.util.HashMap.put(Ljava/lang/Object;Ljava/lang/Object;)Ljava/lang/Object; @ 83

Internal exceptions (10 events):
Event: 0.529 Thread 0xab719c00 Threw 0xde89a2f0 at /HUDSON/workspace/7u-2-build-linux-i586/jdk7u79/2331/hotspot/src/share/vm/prims/jvm.cpp:1304
Event: 0.531 Thread 0xf6607800 Threw 0xde76dbf0 at /HUDSON/workspace/7u-2-build-linux-i586/jdk7u79/2331/hotspot/src/share/vm/prims/jvm.cpp:1304
Event: 0.532 Thread 0xab72ac00 Threw 0xde8eebb8 at /HUDSON/workspace/7u-2-build-linux-i586/jdk7u79/2331/hotspot/src/share/vm/prims/jvm.cpp:1304
Event: 0.533 Thread 0xab727c00 Threw 0xde63d900 at /HUDSON/workspace/7u-2-build-linux-i586/jdk7u79/2331/hotspot/src/share/vm/prims/jvm.cpp:1304
Event: 0.538 Thread 0xab727c00 Threw 0xde65ac48 at /HUDSON/workspace/7u-2-build-linux-i586/jdk7u79/2331/hotspot/src/share/vm/prims/jvm.cpp:1304
Event: 0.540 Thread 0xab727c00 Threw 0xde660c80 at /HUDSON/workspace/7u-2-build-linux-i586/jdk7u79/2331/hotspot/src/share/vm/prims/jvm.cpp:1304
Event: 0.544 Thread 0xf6607800 Threw 0xde784a80 at /HUDSON/workspace/7u-2-build-linux-i586/jdk7u79/2331/hotspot/src/share/vm/prims/jvm.cpp:1304
Event: 0.566 Thread 0xf6607800 Threw 0xde7939c8 at /HUDSON/workspace/7u-2-build-linux-i586/jdk7u79/2331/hotspot/src/share/vm/prims/jvm.cpp:1304
Event: 0.860 Thread 0xab72c000 Threw 0xde82b260 at /HUDSON/workspace/7u-2-build-linux-i586/jdk7u79/2331/hotspot/src/share/vm/prims/jvm.cpp:1304
Event: 1.304 Thread 0xab72c000 Implicit null exception at 0xf3647f4b to 0xf3649199

Events (10 events):
Event: 1.314 Thread 0xab72c000 Uncommon trap: trap_request=0xffffffc6 fr.pc=0xf362ec00
Event: 1.314 Thread 0xab72c000 DEOPT PACKING pc=0xf362ec00 sp=0xab5ba7d0
Event: 1.314 Thread 0xab72c000 DEOPT UNPACKING pc=0xf35d2bc8 sp=0xab5ba7bc mode 2
Event: 1.333 Thread 0xab727c00 Uncommon trap: trap_request=0xffffffc6 fr.pc=0xf362ec00
Event: 1.334 Thread 0xab727c00 DEOPT PACKING pc=0xf362ec00 sp=0xab65cad0
Event: 1.334 Thread 0xab727c00 DEOPT UNPACKING pc=0xf35d2bc8 sp=0xab65cabc mode 2
Event: 1.334 Thread 0xab727c00 Uncommon trap: trap_request=0xffffffc6 fr.pc=0xf362ec00
Event: 1.334 Thread 0xab727c00 DEOPT PACKING pc=0xf362ec00 sp=0xab65cb20
Event: 1.334 Thread 0xab727c00 DEOPT UNPACKING pc=0xf35d2bc8 sp=0xab65cb0c mode 2
Event: 1.446 Executing VM operation: ParallelGCFailedAllocation


Dynamic libraries:
08048000-08049000 r-xp 00000000 08:14 6961784                            /home/caipengli/as_jdk/jdk1.7.0_79/bin/java
08049000-0804a000 rw-p 00000000 08:14 6961784                            /home/caipengli/as_jdk/jdk1.7.0_79/bin/java
08618000-08639000 rw-p 00000000 00:00 0                                  [heap]
aae00000-aaed7000 rw-p 00000000 00:00 0 
aaed7000-aaf00000 ---p 00000000 00:00 0 
aaf00000-aafdc000 rw-p 00000000 00:00 0 
aafdc000-ab000000 ---p 00000000 00:00 0 
ab000000-ab0fb000 rw-p 00000000 00:00 0 
ab0fb000-ab100000 ---p 00000000 00:00 0 
ab200000-ab2f0000 rw-p 00000000 00:00 0 
ab2f0000-ab300000 ---p 00000000 00:00 0 
ab300000-ab3fd000 rw-p 00000000 00:00 0 
ab3fd000-ab400000 ---p 00000000 00:00 0 
ab400000-ab4f6000 rw-p 00000000 00:00 0 
ab4f6000-ab500000 ---p 00000000 00:00 0 
ab56b000-ab56e000 ---p 00000000 00:00 0 
ab56e000-ab5bc000 rw-p 00000000 00:00 0                                  [stack:23889]
ab5bc000-ab5bf000 ---p 00000000 00:00 0 
ab5bf000-ab60d000 rw-p 00000000 00:00 0                                  [stack:23888]
ab60d000-ab610000 ---p 00000000 00:00 0 
ab610000-ab65e000 rw-p 00000000 00:00 0                                  [stack:23887]
ab65e000-ab661000 ---p 00000000 00:00 0 
ab661000-ab6af000 rw-p 00000000 00:00 0                                  [stack:23886]
ab6af000-ab6b2000 ---p 00000000 00:00 0 
ab6b2000-ab700000 rw-p 00000000 00:00 0                                  [stack:23885]
ab700000-ab743000 rw-p 00000000 00:00 0 
ab743000-ab800000 ---p 00000000 00:00 0 
ab84c000-ab84d000 ---p 00000000 00:00 0 
ab84d000-ab8cd000 rw-p 00000000 00:00 0                                  [stack:23883]
ab8cd000-ab8d0000 ---p 00000000 00:00 0 
ab8d0000-ab94e000 rw-p 00000000 00:00 0                                  [stack:23881]
ab94e000-ab951000 ---p 00000000 00:00 0 
ab951000-ab9cf000 rw-p 00000000 00:00 0                                  [stack:23880]
ab9cf000-abb00000 r--p 001bc000 08:14 9313766                            /usr/lib/locale/locale-archive
abb00000-abd00000 r--p 00000000 08:14 9313766                            /usr/lib/locale/locale-archive
abd00000-abd21000 rw-p 00000000 00:00 0 
abd21000-abe00000 ---p 00000000 00:00 0 
abe0d000-abe10000 ---p 00000000 00:00 0 
abe10000-abe5e000 rw-p 00000000 00:00 0                                  [stack:23882]
abe5e000-abe61000 ---p 00000000 00:00 0 
abe61000-abeaf000 rw-p 00000000 00:00 0                                  [stack:23879]
abeaf000-abeb2000 ---p 00000000 00:00 0 
abeb2000-abf00000 rw-p 00000000 00:00 0                                  [stack:23876]
abf00000-abffd000 rw-p 00000000 00:00 0 
abffd000-ac000000 ---p 00000000 00:00 0 
ac000000-ac0f9000 rw-p 00000000 00:00 0 
ac0f9000-ac100000 ---p 00000000 00:00 0 
ac12e000-ac131000 ---p 00000000 00:00 0 
ac131000-ac17f000 rw-p 00000000 00:00 0                                  [stack:23875]
ac17f000-ac180000 ---p 00000000 00:00 0 
ac180000-ac200000 rw-p 00000000 00:00 0                                  [stack:23874]
ac200000-ac3c0000 r--s 039f7000 08:14 6961791                            /home/caipengli/as_jdk/jdk1.7.0_79/jre/lib/rt.jar
ac3c0000-aea00000 rw-p 00000000 00:00 0 
aea00000-aeafd000 rw-p 00000000 00:00 0 
aeafd000-aeb00000 ---p 00000000 00:00 0 
aeb34000-aeb7f000 rw-p 00000000 00:00 0 
aeb7f000-aeb80000 ---p 00000000 00:00 0 
aeb80000-aec00000 rw-p 00000000 00:00 0                                  [stack:23872]
aec00000-aec21000 rw-p 00000000 00:00 0 
aec21000-aed00000 ---p 00000000 00:00 0 
aed00000-aed21000 rw-p 00000000 00:00 0 
aed21000-aee00000 ---p 00000000 00:00 0 
aee24000-aee7f000 rw-p 00000000 00:00 0 
aee7f000-aee80000 ---p 00000000 00:00 0 
aee80000-aef00000 rw-p 00000000 00:00 0                                  [stack:23871]
aef00000-aef24000 rw-p 00000000 00:00 0 
aef24000-af000000 ---p 00000000 00:00 0 
af01e000-af02d000 r--s 000df000 08:14 5374016                            /home/caipengli/as_sdk/build-tools/23.0.2/lib/dx.jar
af02d000-af047000 rw-p 00000000 00:00 0 
af047000-af048000 ---p 00000000 00:00 0 
af048000-af0c8000 rw-p 00000000 00:00 0                                  [stack:23870]
af0c8000-af0c9000 ---p 00000000 00:00 0 
af0c9000-af15e000 rw-p 00000000 00:00 0                                  [stack:23869]
af15e000-af29f000 rw-p 00000000 00:00 0 
af29f000-af2a7000 rw-p 00000000 00:00 0 
af2a7000-af2bf000 rw-p 00000000 00:00 0 
af2bf000-af2d4000 rw-p 00000000 00:00 0 
af2d4000-af414000 rw-p 00000000 00:00 0 
af414000-af427000 rw-p 00000000 00:00 0 
af427000-af4bf000 rw-p 00000000 00:00 0 
af4bf000-b04c0000 rw-p 00000000 00:00 0 
b04c0000-b34c0000 rw-p 00000000 00:00 0 
b34c0000-b5d80000 rw-p 00000000 00:00 0 
b5d80000-ddf40000 rw-p 00000000 00:00 0 
ddf40000-e0340000 rw-p 00000000 00:00 0 
e2010000-e222c000 rw-p 00000000 00:00 0 
e222c000-e2240000 r--p 00000000 08:14 921964                             /usr/share/locale-langpack/zh_CN/LC_MESSAGES/libc.mo
e2240000-f34c0000 rw-p 00000000 00:00 0 
f34c5000-f34ce000 rw-p 00000000 00:00 0 
f34ce000-f34e6000 rw-p 00000000 00:00 0 
f34e6000-f34ef000 rw-p 00000000 00:00 0 
f34ef000-f35a6000 rw-p 00000000 00:00 0 
f35a6000-f37e6000 rwxp 00000000 00:00 0 
f37e6000-f65a6000 rw-p 00000000 00:00 0 
f65a6000-f65b2000 r-xp 00000000 08:14 6292586                            /lib/i386-linux-gnu/libnss_files-2.21.so
f65b2000-f65b3000 r--p 0000b000 08:14 6292586                            /lib/i386-linux-gnu/libnss_files-2.21.so
f65b3000-f65b4000 rw-p 0000c000 08:14 6292586                            /lib/i386-linux-gnu/libnss_files-2.21.so
f65b4000-f65bf000 r-xp 00000000 08:14 6292590                            /lib/i386-linux-gnu/libnss_nis-2.21.so
f65bf000-f65c0000 r--p 0000a000 08:14 6292590                            /lib/i386-linux-gnu/libnss_nis-2.21.so
f65c0000-f65c1000 rw-p 0000b000 08:14 6292590                            /lib/i386-linux-gnu/libnss_nis-2.21.so
f65c1000-f65d8000 r-xp 00000000 08:14 6292580                            /lib/i386-linux-gnu/libnsl-2.21.so
f65d8000-f65d9000 r--p 00016000 08:14 6292580                            /lib/i386-linux-gnu/libnsl-2.21.so
f65d9000-f65da000 rw-p 00017000 08:14 6292580                            /lib/i386-linux-gnu/libnsl-2.21.so
f65da000-f65dc000 rw-p 00000000 00:00 0 
f65dc000-f65ff000 r-xp 00000000 08:14 6962235                            /home/caipengli/as_jdk/jdk1.7.0_79/jre/lib/i386/libjava.so
f65ff000-f6600000 rw-p 00023000 08:14 6962235                            /home/caipengli/as_jdk/jdk1.7.0_79/jre/lib/i386/libjava.so
f6600000-f66f6000 rw-p 00000000 00:00 0 
f66f6000-f6700000 ---p 00000000 00:00 0 
f6700000-f6701000 rw-p 00000000 00:00 0 
f6701000-f6708000 r--s 00000000 08:14 9312394                            /usr/lib/i386-linux-gnu/gconv/gconv-modules.cache
f6708000-f6709000 r--p 0046d000 08:14 9313766                            /usr/lib/locale/locale-archive
f6709000-f6720000 r-xp 00000000 08:14 6960239                            /home/caipengli/as_jdk/jdk1.7.0_79/jre/lib/i386/libzip.so
f6720000-f6721000 rw-p 00017000 08:14 6960239                            /home/caipengli/as_jdk/jdk1.7.0_79/jre/lib/i386/libzip.so
f6721000-f6728000 r-xp 00000000 08:14 6292603                            /lib/i386-linux-gnu/librt-2.21.so
f6728000-f6729000 r--p 00006000 08:14 6292603                            /lib/i386-linux-gnu/librt-2.21.so
f6729000-f672a000 rw-p 00007000 08:14 6292603                            /lib/i386-linux-gnu/librt-2.21.so
f672a000-f672d000 ---p 00000000 00:00 0 
f672d000-f677b000 rw-p 00000000 00:00 0                                  [stack:23868]
f677b000-f67c6000 r-xp 00000000 08:14 6292577                            /lib/i386-linux-gnu/libm-2.21.so
f67c6000-f67c7000 r--p 0004a000 08:14 6292577                            /lib/i386-linux-gnu/libm-2.21.so
f67c7000-f67c8000 rw-p 0004b000 08:14 6292577                            /lib/i386-linux-gnu/libm-2.21.so
f67c8000-f704f000 r-xp 00000000 08:14 6962269                            /home/caipengli/as_jdk/jdk1.7.0_79/jre/lib/i386/server/libjvm.so
f704f000-f70b4000 rw-p 00886000 08:14 6962269                            /home/caipengli/as_jdk/jdk1.7.0_79/jre/lib/i386/server/libjvm.so
f70b4000-f74d7000 rw-p 00000000 00:00 0 
f74d7000-f768b000 r-xp 00000000 08:14 6292558                            /lib/i386-linux-gnu/libc-2.21.so
f768b000-f768e000 r--p 001b3000 08:14 6292558                            /lib/i386-linux-gnu/libc-2.21.so
f768e000-f7690000 rw-p 001b6000 08:14 6292558                            /lib/i386-linux-gnu/libc-2.21.so
f7690000-f7692000 rw-p 00000000 00:00 0 
f7692000-f7695000 r-xp 00000000 08:14 6292568                            /lib/i386-linux-gnu/libdl-2.21.so
f7695000-f7696000 r--p 00002000 08:14 6292568                            /lib/i386-linux-gnu/libdl-2.21.so
f7696000-f7697000 rw-p 00003000 08:14 6292568                            /lib/i386-linux-gnu/libdl-2.21.so
f7697000-f7698000 rw-p 00000000 00:00 0 
f7698000-f76ab000 r-xp 00000000 08:14 6960585                            /home/caipengli/as_jdk/jdk1.7.0_79/lib/i386/jli/libjli.so
f76ab000-f76ac000 rw-p 00012000 08:14 6960585                            /home/caipengli/as_jdk/jdk1.7.0_79/lib/i386/jli/libjli.so
f76ac000-f76c5000 r-xp 00000000 08:14 6292599                            /lib/i386-linux-gnu/libpthread-2.21.so
f76c5000-f76c6000 r--p 00018000 08:14 6292599                            /lib/i386-linux-gnu/libpthread-2.21.so
f76c6000-f76c7000 rw-p 00019000 08:14 6292599                            /lib/i386-linux-gnu/libpthread-2.21.so
f76c7000-f76c9000 rw-p 00000000 00:00 0 
f76c9000-f76d1000 rw-s 00000000 08:14 9175299                            /tmp/hsperfdata_caipengli/23863
f76d1000-f76d9000 r-xp 00000000 08:14 6292582                            /lib/i386-linux-gnu/libnss_compat-2.21.so
f76d9000-f76da000 r--p 00007000 08:14 6292582                            /lib/i386-linux-gnu/libnss_compat-2.21.so
f76da000-f76db000 rw-p 00008000 08:14 6292582                            /lib/i386-linux-gnu/libnss_compat-2.21.so
f76db000-f76dc000 rw-p 00000000 00:00 0 
f76dc000-f76dd000 ---p 00000000 00:00 0 
f76dd000-f76e8000 r-xp 00000000 08:14 6962219                            /home/caipengli/as_jdk/jdk1.7.0_79/jre/lib/i386/libverify.so
f76e8000-f76e9000 rw-p 0000b000 08:14 6962219                            /home/caipengli/as_jdk/jdk1.7.0_79/jre/lib/i386/libverify.so
f76e9000-f76eb000 rw-p 00000000 00:00 0 
f76eb000-f76ed000 r--p 00000000 00:00 0                                  [vvar]
f76ed000-f76ee000 r-xp 00000000 00:00 0                                  [vdso]
f76ee000-f7710000 r-xp 00000000 08:14 6292551                            /lib/i386-linux-gnu/ld-2.21.so
f7710000-f7711000 r--p 00021000 08:14 6292551                            /lib/i386-linux-gnu/ld-2.21.so
f7711000-f7712000 rw-p 00022000 08:14 6292551                            /lib/i386-linux-gnu/ld-2.21.so
ffcf1000-ffcf2000 rwxp 00000000 00:00 0 
ffd23000-ffd45000 rw-p 00000000 00:00 0                                  [stack]

VM Arguments:
jvm_args: -Djava.awt.headless=true -Xmx1024M -Dfile.encoding=UTF-8 -Duser.country=CN -Duser.language=zh -Duser.variant 
java_command: com.android.dx.command.Main --dex --num-threads=4 --output /home/caipengli/AndroidStudioProjects/PinyinIME/app/build/intermediates/transforms/dex/debug/folders/1000/1f/main /home/caipengli/AndroidStudioProjects/PinyinIME/app/build/intermediates/classes/debug
Launcher Type: SUN_STANDARD

Environment Variables:
PATH=/home/caipengli/bin:/usr/local/sbin:/usr/local/bin:/usr/sbin:/usr/bin:/sbin:/bin:/usr/games:/usr/local/games
LD_LIBRARY_PATH=.:
SHELL=/bin/bash
DISPLAY=:0

Signal Handlers:
SIGSEGV: [libjvm.so+0x7eb620], sa_mask[0]=0x7ffbfeff, sa_flags=0x10000004
SIGBUS: [libjvm.so+0x7eb620], sa_mask[0]=0x7ffbfeff, sa_flags=0x10000004
SIGFPE: [libjvm.so+0x6835c0], sa_mask[0]=0x7ffbfeff, sa_flags=0x10000004
SIGPIPE: [libjvm.so+0x6835c0], sa_mask[0]=0x7ffbfeff, sa_flags=0x10000004
SIGXFSZ: [libjvm.so+0x6835c0], sa_mask[0]=0x7ffbfeff, sa_flags=0x10000004
SIGILL: [libjvm.so+0x6835c0], sa_mask[0]=0x7ffbfeff, sa_flags=0x10000004
SIGUSR1: SIG_DFL, sa_mask[0]=0x00000000, sa_flags=0x00000000
SIGUSR2: [libjvm.so+0x684dc0], sa_mask[0]=0x00000004, sa_flags=0x10000004
SIGHUP: [libjvm.so+0x6860f0], sa_mask[0]=0x7ffbfeff, sa_flags=0x10000004
SIGINT: [libjvm.so+0x6860f0], sa_mask[0]=0x7ffbfeff, sa_flags=0x10000004
SIGTERM: [libjvm.so+0x6860f0], sa_mask[0]=0x7ffbfeff, sa_flags=0x10000004
SIGQUIT: [libjvm.so+0x6860f0], sa_mask[0]=0x7ffbfeff, sa_flags=0x10000004


---------------  S Y S T E M  ---------------

OS:jessie/sid

uname:Linux 3.19.0-15-generic #15-Ubuntu SMP Thu Apr 16 23:32:37 UTC 2015 x86_64
libc:glibc 2.21 NPTL 2.21 
rlimit: STACK 8192k, CORE 0k, NPROC 15557, NOFILE 65536, AS infinity
load average:8.14 2.94 2.00

/proc/meminfo:
MemTotal:        4004944 kB
MemFree:          115676 kB
MemAvailable:      50784 kB
Buffers:             424 kB
Cached:             8624 kB
SwapCached:          444 kB
Active:          2701632 kB
Inactive:        1003740 kB
Active(anon):    2699164 kB
Inactive(anon):  1001212 kB
Active(file):       2468 kB
Inactive(file):     2528 kB
Unevictable:          48 kB
Mlocked:              48 kB
SwapTotal:       4151292 kB
SwapFree:              0 kB
Dirty:                48 kB
Writeback:             0 kB
AnonPages:       3696644 kB
Mapped:             5160 kB
Shmem:              3636 kB
Slab:              72156 kB
SReclaimable:      34148 kB
SUnreclaim:        38008 kB
KernelStack:       10288 kB
PageTables:        55000 kB
NFS_Unstable:          0 kB
Bounce:                0 kB
WritebackTmp:          0 kB
CommitLimit:     6153764 kB
Committed_AS:   10607844 kB
VmallocTotal:   34359738367 kB
VmallocUsed:      304884 kB
VmallocChunk:   34359406000 kB
HardwareCorrupted:     0 kB
AnonHugePages:    493568 kB
CmaTotal:              0 kB
CmaFree:               0 kB
HugePages_Total:       0
HugePages_Free:        0
HugePages_Rsvd:        0
HugePages_Surp:        0
Hugepagesize:       2048 kB
DirectMap4k:      170812 kB
DirectMap2M:     3981312 kB


CPU:total 4 (4 cores per cpu, 1 threads per core) family 6 model 42 stepping 7, cmov, cx8, fxsr, mmx, sse, sse2, sse3, ssse3, sse4.1, sse4.2, popcnt, avx, tsc, tscinvbit

/proc/cpuinfo:
processor	: 0
vendor_id	: GenuineIntel
cpu family	: 6
model		: 42
model name	: Intel(R) Core(TM) i5-2400 CPU @ 3.10GHz
stepping	: 7
microcode	: 0x29
cpu MHz		: 2099.886
cache size	: 6144 KB
physical id	: 0
siblings	: 4
core id		: 0
cpu cores	: 4
apicid		: 0
initial apicid	: 0
fpu		: yes
fpu_exception	: yes
cpuid level	: 13
wp		: yes
flags		: fpu vme de pse tsc msr pae mce cx8 apic sep mtrr pge mca cmov pat pse36 clflush dts acpi mmx fxsr sse sse2 ss ht tm pbe syscall nx rdtscp lm constant_tsc arch_perfmon pebs bts rep_good nopl xtopology nonstop_tsc aperfmperf eagerfpu pni pclmulqdq dtes64 monitor ds_cpl vmx smx est tm2 ssse3 cx16 xtpr pdcm pcid sse4_1 sse4_2 x2apic popcnt tsc_deadline_timer xsave avx lahf_lm ida arat epb pln pts dtherm tpr_shadow vnmi flexpriority ept vpid xsaveopt
bugs		:
bogomips	: 6185.67
clflush size	: 64
cache_alignment	: 64
address sizes	: 36 bits physical, 48 bits virtual
power management:

processor	: 1
vendor_id	: GenuineIntel
cpu family	: 6
model		: 42
model name	: Intel(R) Core(TM) i5-2400 CPU @ 3.10GHz
stepping	: 7
microcode	: 0x29
cpu MHz		: 1604.007
cache size	: 6144 KB
physical id	: 0
siblings	: 4
core id		: 1
cpu cores	: 4
apicid		: 2
initial apicid	: 2
fpu		: yes
fpu_exception	: yes
cpuid level	: 13
wp		: yes
flags		: fpu vme de pse tsc msr pae mce cx8 apic sep mtrr pge mca cmov pat pse36 clflush dts acpi mmx fxsr sse sse2 ss ht tm pbe syscall nx rdtscp lm constant_tsc arch_perfmon pebs bts rep_good nopl xtopology nonstop_tsc aperfmperf eagerfpu pni pclmulqdq dtes64 monitor ds_cpl vmx smx est tm2 ssse3 cx16 xtpr pdcm pcid sse4_1 sse4_2 x2apic popcnt tsc_deadline_timer xsave avx lahf_lm ida arat epb pln pts dtherm tpr_shadow vnmi flexpriority ept vpid xsaveopt
bugs		:
bogomips	: 6185.67
clflush size	: 64
cache_alignment	: 64
address sizes	: 36 bits physical, 48 bits virtual
power management:

processor	: 2
vendor_id	: GenuineIntel
cpu family	: 6
model		: 42
model name	: Intel(R) Core(TM) i5-2400 CPU @ 3.10GHz
stepping	: 7
microcode	: 0x29
cpu MHz		: 1875.500
cache size	: 6144 KB
physical id	: 0
siblings	: 4
core id		: 2
cpu cores	: 4
apicid		: 4
initial apicid	: 4
fpu		: yes
fpu_exception	: yes
cpuid level	: 13
wp		: yes
flags		: fpu vme de pse tsc msr pae mce cx8 apic sep mtrr pge mca cmov pat pse36 clflush dts acpi mmx fxsr sse sse2 ss ht tm pbe syscall nx rdtscp lm constant_tsc arch_perfmon pebs bts rep_good nopl xtopology nonstop_tsc aperfmperf eagerfpu pni pclmulqdq dtes64 monitor ds_cpl vmx smx est tm2 ssse3 cx16 xtpr pdcm pcid sse4_1 sse4_2 x2apic popcnt tsc_deadline_timer xsave avx lahf_lm ida arat epb pln pts dtherm tpr_shadow vnmi flexpriority ept vpid xsaveopt
bugs		:
bogomips	: 6185.67
clflush size	: 64
cache_alignment	: 64
address sizes	: 36 bits physical, 48 bits virtual
power management:

processor	: 3
vendor_id	: GenuineIntel
cpu family	: 6
model		: 42
model name	: Intel(R) Core(TM) i5-2400 CPU @ 3.10GHz
stepping	: 7
microcode	: 0x29
cpu MHz		: 1827.304
cache size	: 6144 KB
physical id	: 0
siblings	: 4
core id		: 3
cpu cores	: 4
apicid		: 6
initial apicid	: 6
fpu		: yes
fpu_exception	: yes
cpuid level	: 13
wp		: yes
flags		: fpu vme de pse tsc msr pae mce cx8 apic sep mtrr pge mca cmov pat pse36 clflush dts acpi mmx fxsr sse sse2 ss ht tm pbe syscall nx rdtscp lm constant_tsc arch_perfmon pebs bts rep_good nopl xtopology nonstop_tsc aperfmperf eagerfpu pni pclmulqdq dtes64 monitor ds_cpl vmx smx est tm2 ssse3 cx16 xtpr pdcm pcid sse4_1 sse4_2 x2apic popcnt tsc_deadline_timer xsave avx lahf_lm ida arat epb pln pts dtherm tpr_shadow vnmi flexpriority ept vpid xsaveopt
bugs		:
bogomips	: 6185.67
clflush size	: 64
cache_alignment	: 64
address sizes	: 36 bits physical, 48 bits virtual
power management:



Memory: 4k page, physical 4004944k(104716k free), swap 4151292k(0k free)

vm_info: Java HotSpot(TM) Server VM (24.79-b02) for linux-x86 JRE (1.7.0_79-b15), built on Apr 10 2015 11:52:49 by "java_re" with gcc 4.3.0 20080428 (Red Hat 4.3.0-8)

time: Mon Feb 29 18:15:47 2016
elapsed time: 21 seconds

