#
# There is insufficient memory for the Java Runtime Environment to continue.
# Native memory allocation (malloc) failed to allocate 146276352 bytes for committing reserved memory.
# Possible reasons:
#   The system is out of physical RAM or swap space
#   In 32 bit mode, the process size limit was hit
# Possible solutions:
#   Reduce memory load on the system
#   Increase physical memory or swap space
#   Check if swap backing store is full
#   Use 64 bit Java on a 64 bit OS
#   Decrease Java heap size (-Xmx/-Xms)
#   Decrease number of Java threads
#   Decrease Java thread stack sizes (-Xss)
#   Set larger code cache with -XX:ReservedCodeCacheSize=
# This output file may be truncated or incomplete.
#
#  Out of Memory Error (os_linux.cpp:2756), pid=2965, tid=2887777088
#
# JRE version: Java(TM) SE Runtime Environment (7.0_79-b15) (build 1.7.0_79-b15)
# Java VM: Java HotSpot(TM) Server VM (24.79-b02 mixed mode linux-x86 )
# Failed to write core dump. Core dumps have been disabled. To enable core dumping, try "ulimit -c unlimited" before starting Java again
#

---------------  T H R E A D  ---------------

Current thread (0xac080c00):  VMThread [stack: 0xac17f000,0xac200000] [id=3009]

Stack: [0xac17f000,0xac200000],  sp=0xac1fea30,  free space=510k
Native frames: (J=compiled Java code, j=interpreted, Vv=VM code, C=native code)
V  [libjvm.so+0x7eab16]  VMError::report_and_die()+0x1a6
V  [libjvm.so+0x33e222]  report_vm_out_of_memory(char const*, int, unsigned int, char const*)+0x72
V  [libjvm.so+0x686a41]  os::Linux::commit_memory_impl(char*, unsigned int, bool)+0xe1
V  [libjvm.so+0x686f08]  os::pd_commit_memory(char*, unsigned int, unsigned int, bool)+0x28
V  [libjvm.so+0x68064c]  os::commit_memory(char*, unsigned int, unsigned int, bool)+0x2c
V  [libjvm.so+0x6eae98]  PSVirtualSpace::expand_by(unsigned int)+0x48
V  [libjvm.so+0x6ebf9a]  PSYoungGen::resize_generation(unsigned int, unsigned int)+0xda
V  [libjvm.so+0x6eb2d9]  PSYoungGen::resize(unsigned int, unsigned int)+0x19
V  [libjvm.so+0x6e8c09]  PSScavenge::invoke_no_policy()+0xcf9
V  [libjvm.so+0x6e9468]  PSScavenge::invoke()+0x28
V  [libjvm.so+0x6a6fea]  ParallelScavengeHeap::failed_mem_allocate(unsigned int)+0x5a
V  [libjvm.so+0x7ec3aa]  VM_ParallelGCFailedAllocation::doit()+0x7a
V  [libjvm.so+0x7f51c7]  VM_Operation::evaluate()+0x47
V  [libjvm.so+0x7f3263]  VMThread::evaluate_operation(VM_Operation*)+0xb3
V  [libjvm.so+0x7f3600]  VMThread::loop()+0x1b0
V  [libjvm.so+0x7f3a65]  VMThread::run()+0x85
V  [libjvm.so+0x688d19]  java_start(Thread*)+0x119
C  [libpthread.so.0+0x61aa]  start_thread+0xda

VM_Operation (0xab6ad7e4): ParallelGCFailedAllocation, mode: safepoint, requested by thread 0xab732c00


---------------  P R O C E S S  ---------------

Java Threads: ( => current thread )
  0xab734c00 JavaThread "pool-1-thread-4" [_thread_blocked, id=3065, stack(0xab2ee000,0xab33f000)]
  0xab733c00 JavaThread "pool-1-thread-3" [_thread_blocked, id=3063, stack(0xab60d000,0xab65e000)]
  0xab732c00 JavaThread "pool-1-thread-2" [_thread_blocked, id=3062, stack(0xab65e000,0xab6af000)]
  0xab725c00 JavaThread "pool-2-thread-1" [_thread_blocked, id=3061, stack(0xab6af000,0xab700000)]
  0xab723c00 JavaThread "pool-1-thread-1" [_thread_blocked, id=3060, stack(0xab82b000,0xab87c000)]
  0xac09bc00 JavaThread "Service Thread" daemon [_thread_blocked, id=3037, stack(0xab8fd000,0xab94e000)]
  0xac099c00 JavaThread "C2 CompilerThread1" daemon [_thread_blocked, id=3033, stack(0xab94e000,0xab9cf000)]
  0xac097c00 JavaThread "C2 CompilerThread0" daemon [_thread_in_native, id=3031, stack(0xabe2e000,0xabeaf000)]
  0xac096400 JavaThread "Signal Dispatcher" daemon [_thread_blocked, id=3025, stack(0xabeaf000,0xabf00000)]
  0xac084c00 JavaThread "Finalizer" daemon [_thread_blocked, id=3020, stack(0xac12e000,0xac17f000)]
  0xac083400 JavaThread "Reference Handler" daemon [_thread_blocked, id=3016, stack(0xaeb2e000,0xaeb7f000)]
  0xf6607800 JavaThread "main" [_thread_blocked, id=2983, stack(0xf67f4000,0xf6845000)]

Other Threads:
=>